Analysis & Synthesis report for timer_top_level
Sun Nov 16 18:50:25 2025
Quartus Prime Version 22.1std.2 Build 922 07/20/2023 SC Lite Edition


---------------------
; Table of Contents ;
---------------------
  1. Legal Notice
  2. Analysis & Synthesis Summary
  3. Analysis & Synthesis Settings
  4. Parallel Compilation
  5. Analysis & Synthesis Source Files Read
  6. Analysis & Synthesis Resource Usage Summary
  7. Analysis & Synthesis Resource Utilization by Entity
  8. General Register Statistics
  9. Parameter Settings for Inferred Entity Instance: bcd_splitter:bcd_splitter_instans|lpm_divide:Mod0
 10. Parameter Settings for Inferred Entity Instance: bcd_splitter:bcd_splitter_instans|lpm_divide:Div0
 11. Parameter Settings for Inferred Entity Instance: bcd_splitter:bcd_splitter_instans|lpm_divide:Mod1
 12. Parameter Settings for Inferred Entity Instance: bcd_splitter:bcd_splitter_instans|lpm_divide:Div1
 13. Parameter Settings for Inferred Entity Instance: bcd_splitter:bcd_splitter_instans|lpm_divide:Mod2
 14. Parameter Settings for Inferred Entity Instance: bcd_splitter:bcd_splitter_instans|lpm_divide:Div2
 15. Post-Synthesis Netlist Statistics for Top Partition
 16. Elapsed Time Per Partition
 17. Analysis & Synthesis Messages



----------------
; Legal Notice ;
----------------
Copyright (C) 2023  Intel Corporation. All rights reserved.
Your use of Intel Corporation's design tools, logic functions 
and other software and tools, and any partner logic 
functions, and any output files from any of the foregoing 
(including device programming or simulation files), and any 
associated documentation or information are expressly subject 
to the terms and conditions of the Intel Program License 
Subscription Agreement, the Intel Quartus Prime License Agreement,
the Intel FPGA IP License Agreement, or other applicable license
agreement, including, without limitation, that your use is for
the sole purpose of programming logic devices manufactured by
Intel and sold by Intel or its authorized distributors.  Please
refer to the applicable agreement for further details, at
https://fpgasoftware.intel.com/eula.



+-------------------------------------------------------------------------------------+
; Analysis & Synthesis Summary                                                        ;
+------------------------------------+------------------------------------------------+
; Analysis & Synthesis Status        ; Successful - Sun Nov 16 18:50:25 2025          ;
; Quartus Prime Version              ; 22.1std.2 Build 922 07/20/2023 SC Lite Edition ;
; Revision Name                      ; timer_top_level                                ;
; Top-level Entity Name              ; timer_top_level                                ;
; Family                             ; MAX 10                                         ;
; Total logic elements               ; 524                                            ;
;     Total combinational functions  ; 522                                            ;
;     Dedicated logic registers      ; 53                                             ;
; Total registers                    ; 53                                             ;
; Total pins                         ; 44                                             ;
; Total virtual pins                 ; 0                                              ;
; Total memory bits                  ; 0                                              ;
; Embedded Multiplier 9-bit elements ; 0                                              ;
; Total PLLs                         ; 0                                              ;
; UFM blocks                         ; 0                                              ;
; ADC blocks                         ; 0                                              ;
+------------------------------------+------------------------------------------------+


+------------------------------------------------------------------------------------------------------------+
; Analysis & Synthesis Settings                                                                              ;
+------------------------------------------------------------------+--------------------+--------------------+
; Option                                                           ; Setting            ; Default Value      ;
+------------------------------------------------------------------+--------------------+--------------------+
; Device                                                           ; 10M50DAF484C7G     ;                    ;
; Top-level entity name                                            ; timer_top_level    ; timer_top_level    ;
; Family name                                                      ; MAX 10             ; Cyclone V          ;
; Use smart compilation                                            ; Off                ; Off                ;
; Enable parallel Assembler and Timing Analyzer during compilation ; On                 ; On                 ;
; Enable compact report table                                      ; Off                ; Off                ;
; Restructure Multiplexers                                         ; Auto               ; Auto               ;
; Create Debugging Nodes for IP Cores                              ; Off                ; Off                ;
; Preserve fewer node names                                        ; On                 ; On                 ;
; Intel FPGA IP Evaluation Mode                                    ; Enable             ; Enable             ;
; Verilog Version                                                  ; Verilog_2001       ; Verilog_2001       ;
; VHDL Version                                                     ; VHDL_1993          ; VHDL_1993          ;
; State Machine Processing                                         ; Auto               ; Auto               ;
; Safe State Machine                                               ; Off                ; Off                ;
; Extract Verilog State Machines                                   ; On                 ; On                 ;
; Extract VHDL State Machines                                      ; On                 ; On                 ;
; Ignore Verilog initial constructs                                ; Off                ; Off                ;
; Iteration limit for constant Verilog loops                       ; 5000               ; 5000               ;
; Iteration limit for non-constant Verilog loops                   ; 250                ; 250                ;
; Add Pass-Through Logic to Inferred RAMs                          ; On                 ; On                 ;
; Infer RAMs from Raw Logic                                        ; On                 ; On                 ;
; Parallel Synthesis                                               ; On                 ; On                 ;
; DSP Block Balancing                                              ; Auto               ; Auto               ;
; NOT Gate Push-Back                                               ; On                 ; On                 ;
; Power-Up Don't Care                                              ; On                 ; On                 ;
; Remove Redundant Logic Cells                                     ; Off                ; Off                ;
; Remove Duplicate Registers                                       ; On                 ; On                 ;
; Ignore CARRY Buffers                                             ; Off                ; Off                ;
; Ignore CASCADE Buffers                                           ; Off                ; Off                ;
; Ignore GLOBAL Buffers                                            ; Off                ; Off                ;
; Ignore ROW GLOBAL Buffers                                        ; Off                ; Off                ;
; Ignore LCELL Buffers                                             ; Off                ; Off                ;
; Ignore SOFT Buffers                                              ; On                 ; On                 ;
; Limit AHDL Integers to 32 Bits                                   ; Off                ; Off                ;
; Optimization Technique                                           ; Balanced           ; Balanced           ;
; Carry Chain Length                                               ; 70                 ; 70                 ;
; Auto Carry Chains                                                ; On                 ; On                 ;
; Auto Open-Drain Pins                                             ; On                 ; On                 ;
; Perform WYSIWYG Primitive Resynthesis                            ; Off                ; Off                ;
; Auto ROM Replacement                                             ; On                 ; On                 ;
; Auto RAM Replacement                                             ; On                 ; On                 ;
; Auto DSP Block Replacement                                       ; On                 ; On                 ;
; Auto Shift Register Replacement                                  ; Auto               ; Auto               ;
; Allow Shift Register Merging across Hierarchies                  ; Auto               ; Auto               ;
; Auto Clock Enable Replacement                                    ; On                 ; On                 ;
; Strict RAM Replacement                                           ; Off                ; Off                ;
; Allow Synchronous Control Signals                                ; On                 ; On                 ;
; Force Use of Synchronous Clear Signals                           ; Off                ; Off                ;
; Auto RAM Block Balancing                                         ; On                 ; On                 ;
; Auto RAM to Logic Cell Conversion                                ; Off                ; Off                ;
; Auto Resource Sharing                                            ; Off                ; Off                ;
; Allow Any RAM Size For Recognition                               ; Off                ; Off                ;
; Allow Any ROM Size For Recognition                               ; Off                ; Off                ;
; Allow Any Shift Register Size For Recognition                    ; Off                ; Off                ;
; Use LogicLock Constraints during Resource Balancing              ; On                 ; On                 ;
; Ignore translate_off and synthesis_off directives                ; Off                ; Off                ;
; Timing-Driven Synthesis                                          ; On                 ; On                 ;
; Report Parameter Settings                                        ; On                 ; On                 ;
; Report Source Assignments                                        ; On                 ; On                 ;
; Report Connectivity Checks                                       ; On                 ; On                 ;
; Ignore Maximum Fan-Out Assignments                               ; Off                ; Off                ;
; Synchronization Register Chain Length                            ; 2                  ; 2                  ;
; Power Optimization During Synthesis                              ; Normal compilation ; Normal compilation ;
; HDL message level                                                ; Level2             ; Level2             ;
; Suppress Register Optimization Related Messages                  ; Off                ; Off                ;
; Number of Removed Registers Reported in Synthesis Report         ; 5000               ; 5000               ;
; Number of Swept Nodes Reported in Synthesis Report               ; 5000               ; 5000               ;
; Number of Inverted Registers Reported in Synthesis Report        ; 100                ; 100                ;
; Clock MUX Protection                                             ; On                 ; On                 ;
; Auto Gated Clock Conversion                                      ; Off                ; Off                ;
; Block Design Naming                                              ; Auto               ; Auto               ;
; SDC constraint protection                                        ; Off                ; Off                ;
; Synthesis Effort                                                 ; Auto               ; Auto               ;
; Shift Register Replacement - Allow Asynchronous Clear Signal     ; On                 ; On                 ;
; Pre-Mapping Resynthesis Optimization                             ; Off                ; Off                ;
; Analysis & Synthesis Message Level                               ; Medium             ; Medium             ;
; Disable Register Merging Across Hierarchies                      ; Auto               ; Auto               ;
; Resource Aware Inference For Block RAM                           ; On                 ; On                 ;
+------------------------------------------------------------------+--------------------+--------------------+


+------------------------------------------+
; Parallel Compilation                     ;
+----------------------------+-------------+
; Processors                 ; Number      ;
+----------------------------+-------------+
; Number detected on machine ; 16          ;
; Maximum allowed            ; 16          ;
;                            ;             ;
; Average used               ; 1.00        ;
; Maximum used               ; 16          ;
;                            ;             ;
; Usage by Processor         ; % Time Used ;
;     Processor 1            ; 100.0%      ;
;     Processors 2-16        ;   0.0%      ;
+----------------------------+-------------+


+-----------------------------------------------------------------------------------------------------------------------------------------------------------------------------+
; Analysis & Synthesis Source Files Read                                                                                                                                      ;
+----------------------------------+-----------------+------------------------------+-------------------------------------------------------------------------------+---------+
; File Name with User-Entered Path ; Used in Netlist ; File Type                    ; File Name with Absolute Path                                                  ; Library ;
+----------------------------------+-----------------+------------------------------+-------------------------------------------------------------------------------+---------+
; SJU_SEG_DISPLAYER.vhd            ; yes             ; User VHDL File               ; C:/vhdl_git/digital_clock/SJU_SEG_DISPLAYER.vhd                               ;         ;
; status_display_system.vhd        ; yes             ; User VHDL File               ; C:/vhdl_git/digital_clock/status_display_system.vhd                           ;         ;
; clock_divider.vhd                ; yes             ; User VHDL File               ; C:/vhdl_git/digital_clock/clock_divider.vhd                                   ;         ;
; timer_top_level.vhd              ; yes             ; User VHDL File               ; C:/vhdl_git/digital_clock/timer_top_level.vhd                                 ;         ;
; timer_counter.vhd                ; yes             ; User VHDL File               ; C:/vhdl_git/digital_clock/timer_counter.vhd                                   ;         ;
; bcd_splitter.vhd                 ; yes             ; User VHDL File               ; C:/vhdl_git/digital_clock/bcd_splitter.vhd                                    ;         ;
; lpm_divide.tdf                   ; yes             ; Megafunction                 ; c:/intelfpga_lite/22.1std/quartus/libraries/megafunctions/lpm_divide.tdf      ;         ;
; abs_divider.inc                  ; yes             ; Megafunction                 ; c:/intelfpga_lite/22.1std/quartus/libraries/megafunctions/abs_divider.inc     ;         ;
; sign_div_unsign.inc              ; yes             ; Megafunction                 ; c:/intelfpga_lite/22.1std/quartus/libraries/megafunctions/sign_div_unsign.inc ;         ;
; aglobal221.inc                   ; yes             ; Megafunction                 ; c:/intelfpga_lite/22.1std/quartus/libraries/megafunctions/aglobal221.inc      ;         ;
; db/lpm_divide_gkl.tdf            ; yes             ; Auto-Generated Megafunction  ; C:/vhdl_git/digital_clock/db/lpm_divide_gkl.tdf                               ;         ;
; db/sign_div_unsign_fkh.tdf       ; yes             ; Auto-Generated Megafunction  ; C:/vhdl_git/digital_clock/db/sign_div_unsign_fkh.tdf                          ;         ;
; db/alt_u_div_8fe.tdf             ; yes             ; Auto-Generated Megafunction  ; C:/vhdl_git/digital_clock/db/alt_u_div_8fe.tdf                                ;         ;
; db/add_sub_t3c.tdf               ; yes             ; Auto-Generated Megafunction  ; C:/vhdl_git/digital_clock/db/add_sub_t3c.tdf                                  ;         ;
; db/add_sub_u3c.tdf               ; yes             ; Auto-Generated Megafunction  ; C:/vhdl_git/digital_clock/db/add_sub_u3c.tdf                                  ;         ;
; db/lpm_divide_9sl.tdf            ; yes             ; Auto-Generated Megafunction  ; C:/vhdl_git/digital_clock/db/lpm_divide_9sl.tdf                               ;         ;
; db/sign_div_unsign_bkh.tdf       ; yes             ; Auto-Generated Megafunction  ; C:/vhdl_git/digital_clock/db/sign_div_unsign_bkh.tdf                          ;         ;
; db/alt_u_div_0fe.tdf             ; yes             ; Auto-Generated Megafunction  ; C:/vhdl_git/digital_clock/db/alt_u_div_0fe.tdf                                ;         ;
+----------------------------------+-----------------+------------------------------+-------------------------------------------------------------------------------+---------+


+--------------------------------------------------------------+
; Analysis & Synthesis Resource Usage Summary                  ;
+---------------------------------------------+----------------+
; Resource                                    ; Usage          ;
+---------------------------------------------+----------------+
; Estimated Total logic elements              ; 524            ;
;                                             ;                ;
; Total combinational functions               ; 522            ;
; Logic element usage by number of LUT inputs ;                ;
;     -- 4 input functions                    ; 118            ;
;     -- 3 input functions                    ; 129            ;
;     -- <=2 input functions                  ; 275            ;
;                                             ;                ;
; Logic elements by mode                      ;                ;
;     -- normal mode                          ; 344            ;
;     -- arithmetic mode                      ; 178            ;
;                                             ;                ;
; Total registers                             ; 53             ;
;     -- Dedicated logic registers            ; 53             ;
;     -- I/O registers                        ; 0              ;
;                                             ;                ;
; I/O pins                                    ; 44             ;
;                                             ;                ;
; Embedded Multiplier 9-bit elements          ; 0              ;
;                                             ;                ;
; Maximum fan-out node                        ; clock_50~input ;
; Maximum fan-out                             ; 53             ;
; Total fan-out                               ; 1613           ;
; Average fan-out                             ; 2.43           ;
+---------------------------------------------+----------------+


+-----------------------------------------------------------------------------------------------------------------------------------------------------------------------------------------------------------------------------------------------------------------------------------------------------------------------------------------------------------------------------------------------------------+
; Analysis & Synthesis Resource Utilization by Entity                                                                                                                                                                                                                                                                                                                                                       ;
+----------------------------------------------------------+---------------------+---------------------------+-------------+------------+--------------+---------+-----------+------+--------------+------------+----------------------------------------------------------------------------------------------------------------------------------------------------+-----------------------+--------------+
; Compilation Hierarchy Node                               ; Combinational ALUTs ; Dedicated Logic Registers ; Memory Bits ; UFM Blocks ; DSP Elements ; DSP 9x9 ; DSP 18x18 ; Pins ; Virtual Pins ; ADC blocks ; Full Hierarchy Name                                                                                                                                ; Entity Name           ; Library Name ;
+----------------------------------------------------------+---------------------+---------------------------+-------------+------------+--------------+---------+-----------+------+--------------+------------+----------------------------------------------------------------------------------------------------------------------------------------------------+-----------------------+--------------+
; |timer_top_level                                         ; 522 (0)             ; 53 (2)                    ; 0           ; 0          ; 0            ; 0       ; 0         ; 44   ; 0            ; 0          ; |timer_top_level                                                                                                                                   ; timer_top_level       ; work         ;
;    |STATUS_DISPLAY_SYSTEM:status_display_system_instans| ; 42 (0)              ; 0 (0)                     ; 0           ; 0          ; 0            ; 0       ; 0         ; 0    ; 0            ; 0          ; |timer_top_level|STATUS_DISPLAY_SYSTEM:status_display_system_instans                                                                               ; STATUS_DISPLAY_SYSTEM ; work         ;
;       |SJU_SEG_DISPLAYER:b2v_inst_SJU_SEG_DISPLAYER_0|   ; 7 (7)               ; 0 (0)                     ; 0           ; 0          ; 0            ; 0       ; 0         ; 0    ; 0            ; 0          ; |timer_top_level|STATUS_DISPLAY_SYSTEM:status_display_system_instans|SJU_SEG_DISPLAYER:b2v_inst_SJU_SEG_DISPLAYER_0                                ; SJU_SEG_DISPLAYER     ; work         ;
;       |SJU_SEG_DISPLAYER:b2v_inst_SJU_SEG_DISPLAYER_1|   ; 7 (7)               ; 0 (0)                     ; 0           ; 0          ; 0            ; 0       ; 0         ; 0    ; 0            ; 0          ; |timer_top_level|STATUS_DISPLAY_SYSTEM:status_display_system_instans|SJU_SEG_DISPLAYER:b2v_inst_SJU_SEG_DISPLAYER_1                                ; SJU_SEG_DISPLAYER     ; work         ;
;       |SJU_SEG_DISPLAYER:b2v_inst_SJU_SEG_DISPLAYER_2|   ; 7 (7)               ; 0 (0)                     ; 0           ; 0          ; 0            ; 0       ; 0         ; 0    ; 0            ; 0          ; |timer_top_level|STATUS_DISPLAY_SYSTEM:status_display_system_instans|SJU_SEG_DISPLAYER:b2v_inst_SJU_SEG_DISPLAYER_2                                ; SJU_SEG_DISPLAYER     ; work         ;
;       |SJU_SEG_DISPLAYER:b2v_inst_SJU_SEG_DISPLAYER_3|   ; 7 (7)               ; 0 (0)                     ; 0           ; 0          ; 0            ; 0       ; 0         ; 0    ; 0            ; 0          ; |timer_top_level|STATUS_DISPLAY_SYSTEM:status_display_system_instans|SJU_SEG_DISPLAYER:b2v_inst_SJU_SEG_DISPLAYER_3                                ; SJU_SEG_DISPLAYER     ; work         ;
;       |SJU_SEG_DISPLAYER:b2v_inst_SJU_SEG_DISPLAYER_4|   ; 7 (7)               ; 0 (0)                     ; 0           ; 0          ; 0            ; 0       ; 0         ; 0    ; 0            ; 0          ; |timer_top_level|STATUS_DISPLAY_SYSTEM:status_display_system_instans|SJU_SEG_DISPLAYER:b2v_inst_SJU_SEG_DISPLAYER_4                                ; SJU_SEG_DISPLAYER     ; work         ;
;       |SJU_SEG_DISPLAYER:b2v_inst_SJU_SEG_DISPLAYER_5|   ; 7 (7)               ; 0 (0)                     ; 0           ; 0          ; 0            ; 0       ; 0         ; 0    ; 0            ; 0          ; |timer_top_level|STATUS_DISPLAY_SYSTEM:status_display_system_instans|SJU_SEG_DISPLAYER:b2v_inst_SJU_SEG_DISPLAYER_5                                ; SJU_SEG_DISPLAYER     ; work         ;
;    |bcd_splitter:bcd_splitter_instans|                   ; 399 (0)             ; 0 (0)                     ; 0           ; 0          ; 0            ; 0       ; 0         ; 0    ; 0            ; 0          ; |timer_top_level|bcd_splitter:bcd_splitter_instans                                                                                                 ; bcd_splitter          ; work         ;
;       |lpm_divide:Div0|                                  ; 56 (0)              ; 0 (0)                     ; 0           ; 0          ; 0            ; 0       ; 0         ; 0    ; 0            ; 0          ; |timer_top_level|bcd_splitter:bcd_splitter_instans|lpm_divide:Div0                                                                                 ; lpm_divide            ; work         ;
;          |lpm_divide_9sl:auto_generated|                 ; 56 (0)              ; 0 (0)                     ; 0           ; 0          ; 0            ; 0       ; 0         ; 0    ; 0            ; 0          ; |timer_top_level|bcd_splitter:bcd_splitter_instans|lpm_divide:Div0|lpm_divide_9sl:auto_generated                                                   ; lpm_divide_9sl        ; work         ;
;             |sign_div_unsign_bkh:divider|                ; 56 (0)              ; 0 (0)                     ; 0           ; 0          ; 0            ; 0       ; 0         ; 0    ; 0            ; 0          ; |timer_top_level|bcd_splitter:bcd_splitter_instans|lpm_divide:Div0|lpm_divide_9sl:auto_generated|sign_div_unsign_bkh:divider                       ; sign_div_unsign_bkh   ; work         ;
;                |alt_u_div_0fe:divider|                   ; 56 (56)             ; 0 (0)                     ; 0           ; 0          ; 0            ; 0       ; 0         ; 0    ; 0            ; 0          ; |timer_top_level|bcd_splitter:bcd_splitter_instans|lpm_divide:Div0|lpm_divide_9sl:auto_generated|sign_div_unsign_bkh:divider|alt_u_div_0fe:divider ; alt_u_div_0fe         ; work         ;
;       |lpm_divide:Div1|                                  ; 56 (0)              ; 0 (0)                     ; 0           ; 0          ; 0            ; 0       ; 0         ; 0    ; 0            ; 0          ; |timer_top_level|bcd_splitter:bcd_splitter_instans|lpm_divide:Div1                                                                                 ; lpm_divide            ; work         ;
;          |lpm_divide_9sl:auto_generated|                 ; 56 (0)              ; 0 (0)                     ; 0           ; 0          ; 0            ; 0       ; 0         ; 0    ; 0            ; 0          ; |timer_top_level|bcd_splitter:bcd_splitter_instans|lpm_divide:Div1|lpm_divide_9sl:auto_generated                                                   ; lpm_divide_9sl        ; work         ;
;             |sign_div_unsign_bkh:divider|                ; 56 (0)              ; 0 (0)                     ; 0           ; 0          ; 0            ; 0       ; 0         ; 0    ; 0            ; 0          ; |timer_top_level|bcd_splitter:bcd_splitter_instans|lpm_divide:Div1|lpm_divide_9sl:auto_generated|sign_div_unsign_bkh:divider                       ; sign_div_unsign_bkh   ; work         ;
;                |alt_u_div_0fe:divider|                   ; 56 (56)             ; 0 (0)                     ; 0           ; 0          ; 0            ; 0       ; 0         ; 0    ; 0            ; 0          ; |timer_top_level|bcd_splitter:bcd_splitter_instans|lpm_divide:Div1|lpm_divide_9sl:auto_generated|sign_div_unsign_bkh:divider|alt_u_div_0fe:divider ; alt_u_div_0fe         ; work         ;
;       |lpm_divide:Div2|                                  ; 56 (0)              ; 0 (0)                     ; 0           ; 0          ; 0            ; 0       ; 0         ; 0    ; 0            ; 0          ; |timer_top_level|bcd_splitter:bcd_splitter_instans|lpm_divide:Div2                                                                                 ; lpm_divide            ; work         ;
;          |lpm_divide_9sl:auto_generated|                 ; 56 (0)              ; 0 (0)                     ; 0           ; 0          ; 0            ; 0       ; 0         ; 0    ; 0            ; 0          ; |timer_top_level|bcd_splitter:bcd_splitter_instans|lpm_divide:Div2|lpm_divide_9sl:auto_generated                                                   ; lpm_divide_9sl        ; work         ;
;             |sign_div_unsign_bkh:divider|                ; 56 (0)              ; 0 (0)                     ; 0           ; 0          ; 0            ; 0       ; 0         ; 0    ; 0            ; 0          ; |timer_top_level|bcd_splitter:bcd_splitter_instans|lpm_divide:Div2|lpm_divide_9sl:auto_generated|sign_div_unsign_bkh:divider                       ; sign_div_unsign_bkh   ; work         ;
;                |alt_u_div_0fe:divider|                   ; 56 (56)             ; 0 (0)                     ; 0           ; 0          ; 0            ; 0       ; 0         ; 0    ; 0            ; 0          ; |timer_top_level|bcd_splitter:bcd_splitter_instans|lpm_divide:Div2|lpm_divide_9sl:auto_generated|sign_div_unsign_bkh:divider|alt_u_div_0fe:divider ; alt_u_div_0fe         ; work         ;
;       |lpm_divide:Mod0|                                  ; 77 (0)              ; 0 (0)                     ; 0           ; 0          ; 0            ; 0       ; 0         ; 0    ; 0            ; 0          ; |timer_top_level|bcd_splitter:bcd_splitter_instans|lpm_divide:Mod0                                                                                 ; lpm_divide            ; work         ;
;          |lpm_divide_gkl:auto_generated|                 ; 77 (0)              ; 0 (0)                     ; 0           ; 0          ; 0            ; 0       ; 0         ; 0    ; 0            ; 0          ; |timer_top_level|bcd_splitter:bcd_splitter_instans|lpm_divide:Mod0|lpm_divide_gkl:auto_generated                                                   ; lpm_divide_gkl        ; work         ;
;             |sign_div_unsign_fkh:divider|                ; 77 (0)              ; 0 (0)                     ; 0           ; 0          ; 0            ; 0       ; 0         ; 0    ; 0            ; 0          ; |timer_top_level|bcd_splitter:bcd_splitter_instans|lpm_divide:Mod0|lpm_divide_gkl:auto_generated|sign_div_unsign_fkh:divider                       ; sign_div_unsign_fkh   ; work         ;
;                |alt_u_div_8fe:divider|                   ; 77 (77)             ; 0 (0)                     ; 0           ; 0          ; 0            ; 0       ; 0         ; 0    ; 0            ; 0          ; |timer_top_level|bcd_splitter:bcd_splitter_instans|lpm_divide:Mod0|lpm_divide_gkl:auto_generated|sign_div_unsign_fkh:divider|alt_u_div_8fe:divider ; alt_u_div_8fe         ; work         ;
;       |lpm_divide:Mod1|                                  ; 77 (0)              ; 0 (0)                     ; 0           ; 0          ; 0            ; 0       ; 0         ; 0    ; 0            ; 0          ; |timer_top_level|bcd_splitter:bcd_splitter_instans|lpm_divide:Mod1                                                                                 ; lpm_divide            ; work         ;
;          |lpm_divide_gkl:auto_generated|                 ; 77 (0)              ; 0 (0)                     ; 0           ; 0          ; 0            ; 0       ; 0         ; 0    ; 0            ; 0          ; |timer_top_level|bcd_splitter:bcd_splitter_instans|lpm_divide:Mod1|lpm_divide_gkl:auto_generated                                                   ; lpm_divide_gkl        ; work         ;
;             |sign_div_unsign_fkh:divider|                ; 77 (0)              ; 0 (0)                     ; 0           ; 0          ; 0            ; 0       ; 0         ; 0    ; 0            ; 0          ; |timer_top_level|bcd_splitter:bcd_splitter_instans|lpm_divide:Mod1|lpm_divide_gkl:auto_generated|sign_div_unsign_fkh:divider                       ; sign_div_unsign_fkh   ; work         ;
;                |alt_u_div_8fe:divider|                   ; 77 (77)             ; 0 (0)                     ; 0           ; 0          ; 0            ; 0       ; 0         ; 0    ; 0            ; 0          ; |timer_top_level|bcd_splitter:bcd_splitter_instans|lpm_divide:Mod1|lpm_divide_gkl:auto_generated|sign_div_unsign_fkh:divider|alt_u_div_8fe:divider ; alt_u_div_8fe         ; work         ;
;       |lpm_divide:Mod2|                                  ; 77 (0)              ; 0 (0)                     ; 0           ; 0          ; 0            ; 0       ; 0         ; 0    ; 0            ; 0          ; |timer_top_level|bcd_splitter:bcd_splitter_instans|lpm_divide:Mod2                                                                                 ; lpm_divide            ; work         ;
;          |lpm_divide_gkl:auto_generated|                 ; 77 (0)              ; 0 (0)                     ; 0           ; 0          ; 0            ; 0       ; 0         ; 0    ; 0            ; 0          ; |timer_top_level|bcd_splitter:bcd_splitter_instans|lpm_divide:Mod2|lpm_divide_gkl:auto_generated                                                   ; lpm_divide_gkl        ; work         ;
;             |sign_div_unsign_fkh:divider|                ; 77 (0)              ; 0 (0)                     ; 0           ; 0          ; 0            ; 0       ; 0         ; 0    ; 0            ; 0          ; |timer_top_level|bcd_splitter:bcd_splitter_instans|lpm_divide:Mod2|lpm_divide_gkl:auto_generated|sign_div_unsign_fkh:divider                       ; sign_div_unsign_fkh   ; work         ;
;                |alt_u_div_8fe:divider|                   ; 77 (77)             ; 0 (0)                     ; 0           ; 0          ; 0            ; 0       ; 0         ; 0    ; 0            ; 0          ; |timer_top_level|bcd_splitter:bcd_splitter_instans|lpm_divide:Mod2|lpm_divide_gkl:auto_generated|sign_div_unsign_fkh:divider|alt_u_div_8fe:divider ; alt_u_div_8fe         ; work         ;
;    |clock_divider:clock_divider_instans|                 ; 38 (38)             ; 27 (27)                   ; 0           ; 0          ; 0            ; 0       ; 0         ; 0    ; 0            ; 0          ; |timer_top_level|clock_divider:clock_divider_instans                                                                                               ; clock_divider         ; work         ;
;    |timer_counter:timer_counter_instans|                 ; 43 (43)             ; 24 (24)                   ; 0           ; 0          ; 0            ; 0       ; 0         ; 0    ; 0            ; 0          ; |timer_top_level|timer_counter:timer_counter_instans                                                                                               ; timer_counter         ; work         ;
+----------------------------------------------------------+---------------------+---------------------------+-------------+------------+--------------+---------+-----------+------+--------------+------------+----------------------------------------------------------------------------------------------------------------------------------------------------+-----------------------+--------------+
Note: For table entries with two numbers listed, the numbers in parentheses indicate the number of resources of the given type used by the specific entity alone. The numbers listed outside of parentheses indicate the total resources of the given type used by the specific entity and all of its sub-entities in the hierarchy.


+------------------------------------------------------+
; General Register Statistics                          ;
+----------------------------------------------+-------+
; Statistic                                    ; Value ;
+----------------------------------------------+-------+
; Total registers                              ; 53    ;
; Number of registers using Synchronous Clear  ; 0     ;
; Number of registers using Synchronous Load   ; 0     ;
; Number of registers using Asynchronous Clear ; 53    ;
; Number of registers using Asynchronous Load  ; 0     ;
; Number of registers using Clock Enable       ; 24    ;
; Number of registers using Preset             ; 0     ;
+----------------------------------------------+-------+


+----------------------------------------------------------------------------------------------------+
; Parameter Settings for Inferred Entity Instance: bcd_splitter:bcd_splitter_instans|lpm_divide:Mod0 ;
+------------------------+----------------+----------------------------------------------------------+
; Parameter Name         ; Value          ; Type                                                     ;
+------------------------+----------------+----------------------------------------------------------+
; LPM_WIDTHN             ; 8              ; Untyped                                                  ;
; LPM_WIDTHD             ; 8              ; Untyped                                                  ;
; LPM_NREPRESENTATION    ; UNSIGNED       ; Untyped                                                  ;
; LPM_DREPRESENTATION    ; UNSIGNED       ; Untyped                                                  ;
; LPM_PIPELINE           ; 0              ; Untyped                                                  ;
; LPM_REMAINDERPOSITIVE  ; TRUE           ; Untyped                                                  ;
; MAXIMIZE_SPEED         ; 5              ; Untyped                                                  ;
; CBXI_PARAMETER         ; lpm_divide_gkl ; Untyped                                                  ;
; CARRY_CHAIN            ; MANUAL         ; Untyped                                                  ;
; OPTIMIZE_FOR_SPEED     ; 5              ; Untyped                                                  ;
; AUTO_CARRY_CHAINS      ; ON             ; AUTO_CARRY                                               ;
; IGNORE_CARRY_BUFFERS   ; OFF            ; IGNORE_CARRY                                             ;
; AUTO_CASCADE_CHAINS    ; ON             ; AUTO_CASCADE                                             ;
; IGNORE_CASCADE_BUFFERS ; OFF            ; IGNORE_CASCADE                                           ;
+------------------------+----------------+----------------------------------------------------------+
Note: In order to hide this table in the UI and the text report file, please set the "Show Parameter Settings in Synthesis Report" option in "Analysis and Synthesis Settings -> More Settings" to "Off".


+----------------------------------------------------------------------------------------------------+
; Parameter Settings for Inferred Entity Instance: bcd_splitter:bcd_splitter_instans|lpm_divide:Div0 ;
+------------------------+----------------+----------------------------------------------------------+
; Parameter Name         ; Value          ; Type                                                     ;
+------------------------+----------------+----------------------------------------------------------+
; LPM_WIDTHN             ; 8              ; Untyped                                                  ;
; LPM_WIDTHD             ; 4              ; Untyped                                                  ;
; LPM_NREPRESENTATION    ; UNSIGNED       ; Untyped                                                  ;
; LPM_DREPRESENTATION    ; UNSIGNED       ; Untyped                                                  ;
; LPM_PIPELINE           ; 0              ; Untyped                                                  ;
; LPM_REMAINDERPOSITIVE  ; TRUE           ; Untyped                                                  ;
; MAXIMIZE_SPEED         ; 5              ; Untyped                                                  ;
; CBXI_PARAMETER         ; lpm_divide_9sl ; Untyped                                                  ;
; CARRY_CHAIN            ; MANUAL         ; Untyped                                                  ;
; OPTIMIZE_FOR_SPEED     ; 5              ; Untyped                                                  ;
; AUTO_CARRY_CHAINS      ; ON             ; AUTO_CARRY                                               ;
; IGNORE_CARRY_BUFFERS   ; OFF            ; IGNORE_CARRY                                             ;
; AUTO_CASCADE_CHAINS    ; ON             ; AUTO_CASCADE                                             ;
; IGNORE_CASCADE_BUFFERS ; OFF            ; IGNORE_CASCADE                                           ;
+------------------------+----------------+----------------------------------------------------------+
Note: In order to hide this table in the UI and the text report file, please set the "Show Parameter Settings in Synthesis Report" option in "Analysis and Synthesis Settings -> More Settings" to "Off".


+----------------------------------------------------------------------------------------------------+
; Parameter Settings for Inferred Entity Instance: bcd_splitter:bcd_splitter_instans|lpm_divide:Mod1 ;
+------------------------+----------------+----------------------------------------------------------+
; Parameter Name         ; Value          ; Type                                                     ;
+------------------------+----------------+----------------------------------------------------------+
; LPM_WIDTHN             ; 8              ; Untyped                                                  ;
; LPM_WIDTHD             ; 8              ; Untyped                                                  ;
; LPM_NREPRESENTATION    ; UNSIGNED       ; Untyped                                                  ;
; LPM_DREPRESENTATION    ; UNSIGNED       ; Untyped                                                  ;
; LPM_PIPELINE           ; 0              ; Untyped                                                  ;
; LPM_REMAINDERPOSITIVE  ; TRUE           ; Untyped                                                  ;
; MAXIMIZE_SPEED         ; 5              ; Untyped                                                  ;
; CBXI_PARAMETER         ; lpm_divide_gkl ; Untyped                                                  ;
; CARRY_CHAIN            ; MANUAL         ; Untyped                                                  ;
; OPTIMIZE_FOR_SPEED     ; 5              ; Untyped                                                  ;
; AUTO_CARRY_CHAINS      ; ON             ; AUTO_CARRY                                               ;
; IGNORE_CARRY_BUFFERS   ; OFF            ; IGNORE_CARRY                                             ;
; AUTO_CASCADE_CHAINS    ; ON             ; AUTO_CASCADE                                             ;
; IGNORE_CASCADE_BUFFERS ; OFF            ; IGNORE_CASCADE                                           ;
+------------------------+----------------+----------------------------------------------------------+
Note: In order to hide this table in the UI and the text report file, please set the "Show Parameter Settings in Synthesis Report" option in "Analysis and Synthesis Settings -> More Settings" to "Off".


+----------------------------------------------------------------------------------------------------+
; Parameter Settings for Inferred Entity Instance: bcd_splitter:bcd_splitter_instans|lpm_divide:Div1 ;
+------------------------+----------------+----------------------------------------------------------+
; Parameter Name         ; Value          ; Type                                                     ;
+------------------------+----------------+----------------------------------------------------------+
; LPM_WIDTHN             ; 8              ; Untyped                                                  ;
; LPM_WIDTHD             ; 4              ; Untyped                                                  ;
; LPM_NREPRESENTATION    ; UNSIGNED       ; Untyped                                                  ;
; LPM_DREPRESENTATION    ; UNSIGNED       ; Untyped                                                  ;
; LPM_PIPELINE           ; 0              ; Untyped                                                  ;
; LPM_REMAINDERPOSITIVE  ; TRUE           ; Untyped                                                  ;
; MAXIMIZE_SPEED         ; 5              ; Untyped                                                  ;
; CBXI_PARAMETER         ; lpm_divide_9sl ; Untyped                                                  ;
; CARRY_CHAIN            ; MANUAL         ; Untyped                                                  ;
; OPTIMIZE_FOR_SPEED     ; 5              ; Untyped                                                  ;
; AUTO_CARRY_CHAINS      ; ON             ; AUTO_CARRY                                               ;
; IGNORE_CARRY_BUFFERS   ; OFF            ; IGNORE_CARRY                                             ;
; AUTO_CASCADE_CHAINS    ; ON             ; AUTO_CASCADE                                             ;
; IGNORE_CASCADE_BUFFERS ; OFF            ; IGNORE_CASCADE                                           ;
+------------------------+----------------+----------------------------------------------------------+
Note: In order to hide this table in the UI and the text report file, please set the "Show Parameter Settings in Synthesis Report" option in "Analysis and Synthesis Settings -> More Settings" to "Off".


+----------------------------------------------------------------------------------------------------+
; Parameter Settings for Inferred Entity Instance: bcd_splitter:bcd_splitter_instans|lpm_divide:Mod2 ;
+------------------------+----------------+----------------------------------------------------------+
; Parameter Name         ; Value          ; Type                                                     ;
+------------------------+----------------+----------------------------------------------------------+
; LPM_WIDTHN             ; 8              ; Untyped                                                  ;
; LPM_WIDTHD             ; 8              ; Untyped                                                  ;
; LPM_NREPRESENTATION    ; UNSIGNED       ; Untyped                                                  ;
; LPM_DREPRESENTATION    ; UNSIGNED       ; Untyped                                                  ;
; LPM_PIPELINE           ; 0              ; Untyped                                                  ;
; LPM_REMAINDERPOSITIVE  ; TRUE           ; Untyped                                                  ;
; MAXIMIZE_SPEED         ; 5              ; Untyped                                                  ;
; CBXI_PARAMETER         ; lpm_divide_gkl ; Untyped                                                  ;
; CARRY_CHAIN            ; MANUAL         ; Untyped                                                  ;
; OPTIMIZE_FOR_SPEED     ; 5              ; Untyped                                                  ;
; AUTO_CARRY_CHAINS      ; ON             ; AUTO_CARRY                                               ;
; IGNORE_CARRY_BUFFERS   ; OFF            ; IGNORE_CARRY                                             ;
; AUTO_CASCADE_CHAINS    ; ON             ; AUTO_CASCADE                                             ;
; IGNORE_CASCADE_BUFFERS ; OFF            ; IGNORE_CASCADE                                           ;
+------------------------+----------------+----------------------------------------------------------+
Note: In order to hide this table in the UI and the text report file, please set the "Show Parameter Settings in Synthesis Report" option in "Analysis and Synthesis Settings -> More Settings" to "Off".


+----------------------------------------------------------------------------------------------------+
; Parameter Settings for Inferred Entity Instance: bcd_splitter:bcd_splitter_instans|lpm_divide:Div2 ;
+------------------------+----------------+----------------------------------------------------------+
; Parameter Name         ; Value          ; Type                                                     ;
+------------------------+----------------+----------------------------------------------------------+
; LPM_WIDTHN             ; 8              ; Untyped                                                  ;
; LPM_WIDTHD             ; 4              ; Untyped                                                  ;
; LPM_NREPRESENTATION    ; UNSIGNED       ; Untyped                                                  ;
; LPM_DREPRESENTATION    ; UNSIGNED       ; Untyped                                                  ;
; LPM_PIPELINE           ; 0              ; Untyped                                                  ;
; LPM_REMAINDERPOSITIVE  ; TRUE           ; Untyped                                                  ;
; MAXIMIZE_SPEED         ; 5              ; Untyped                                                  ;
; CBXI_PARAMETER         ; lpm_divide_9sl ; Untyped                                                  ;
; CARRY_CHAIN            ; MANUAL         ; Untyped                                                  ;
; OPTIMIZE_FOR_SPEED     ; 5              ; Untyped                                                  ;
; AUTO_CARRY_CHAINS      ; ON             ; AUTO_CARRY                                               ;
; IGNORE_CARRY_BUFFERS   ; OFF            ; IGNORE_CARRY                                             ;
; AUTO_CASCADE_CHAINS    ; ON             ; AUTO_CASCADE                                             ;
; IGNORE_CASCADE_BUFFERS ; OFF            ; IGNORE_CASCADE                                           ;
+------------------------+----------------+----------------------------------------------------------+
Note: In order to hide this table in the UI and the text report file, please set the "Show Parameter Settings in Synthesis Report" option in "Analysis and Synthesis Settings -> More Settings" to "Off".


+-----------------------------------------------------+
; Post-Synthesis Netlist Statistics for Top Partition ;
+-----------------------+-----------------------------+
; Type                  ; Count                       ;
+-----------------------+-----------------------------+
; boundary_port         ; 44                          ;
; cycloneiii_ff         ; 53                          ;
;     CLR               ; 29                          ;
;     ENA CLR           ; 24                          ;
; cycloneiii_lcell_comb ; 528                         ;
;     arith             ; 178                         ;
;         2 data inputs ; 64                          ;
;         3 data inputs ; 114                         ;
;     normal            ; 350                         ;
;         0 data inputs ; 30                          ;
;         1 data inputs ; 10                          ;
;         2 data inputs ; 177                         ;
;         3 data inputs ; 15                          ;
;         4 data inputs ; 118                         ;
;                       ;                             ;
; Max LUT depth         ; 14.50                       ;
; Average LUT depth     ; 11.11                       ;
+-----------------------+-----------------------------+


+-------------------------------+
; Elapsed Time Per Partition    ;
+----------------+--------------+
; Partition Name ; Elapsed Time ;
+----------------+--------------+
; Top            ; 00:00:00     ;
+----------------+--------------+


+-------------------------------+
; Analysis & Synthesis Messages ;
+-------------------------------+
Info: *******************************************************************
Info: Running Quartus Prime Analysis & Synthesis
    Info: Version 22.1std.2 Build 922 07/20/2023 SC Lite Edition
    Info: Processing started: Sun Nov 16 18:50:17 2025
Info: Command: quartus_map --read_settings_files=on --write_settings_files=off timer_top_level -c timer_top_level
Warning (18236): Number of processors has not been specified which may cause overloading on shared machines.  Set the global assignment NUM_PARALLEL_PROCESSORS in your QSF to an appropriate value for best performance.
Info (20030): Parallel compilation is enabled and will use 16 of the 16 processors detected
Info (12021): Found 2 design units, including 1 entities, in source file sju_seg_displayer.vhd
    Info (12022): Found design unit 1: SJU_SEG_DISPLAYER-SJU_SEG_DISPLAYER_arch File: C:/vhdl_git/digital_clock/SJU_SEG_DISPLAYER.vhd Line: 30
    Info (12023): Found entity 1: SJU_SEG_DISPLAYER File: C:/vhdl_git/digital_clock/SJU_SEG_DISPLAYER.vhd Line: 24
Info (12021): Found 2 design units, including 1 entities, in source file status_display_system.vhd
    Info (12022): Found design unit 1: STATUS_DISPLAY_SYSTEM-bdf_type File: C:/vhdl_git/digital_clock/status_display_system.vhd Line: 45
    Info (12023): Found entity 1: STATUS_DISPLAY_SYSTEM File: C:/vhdl_git/digital_clock/status_display_system.vhd Line: 25
Info (12021): Found 2 design units, including 1 entities, in source file clock_divider.vhd
    Info (12022): Found design unit 1: clock_divider-tls File: C:/vhdl_git/digital_clock/clock_divider.vhd Line: 45
    Info (12023): Found entity 1: clock_divider File: C:/vhdl_git/digital_clock/clock_divider.vhd Line: 37
Info (12021): Found 2 design units, including 1 entities, in source file timer_top_level.vhd
    Info (12022): Found design unit 1: timer_top_level-tls File: C:/vhdl_git/digital_clock/timer_top_level.vhd Line: 53
    Info (12023): Found entity 1: timer_top_level File: C:/vhdl_git/digital_clock/timer_top_level.vhd Line: 39
Info (12021): Found 2 design units, including 1 entities, in source file timer_counter.vhd
    Info (12022): Found design unit 1: timer_counter-rtl File: C:/vhdl_git/digital_clock/timer_counter.vhd Line: 47
    Info (12023): Found entity 1: timer_counter File: C:/vhdl_git/digital_clock/timer_counter.vhd Line: 35
Info (12021): Found 2 design units, including 1 entities, in source file bcd_splitter.vhd
    Info (12022): Found design unit 1: bcd_splitter-tls File: C:/vhdl_git/digital_clock/bcd_splitter.vhd Line: 58
    Info (12023): Found entity 1: bcd_splitter File: C:/vhdl_git/digital_clock/bcd_splitter.vhd Line: 41
Info (12127): Elaborating entity "timer_top_level" for the top level hierarchy
Info (12128): Elaborating entity "clock_divider" for hierarchy "clock_divider:clock_divider_instans" File: C:/vhdl_git/digital_clock/timer_top_level.vhd Line: 157
Info (12128): Elaborating entity "timer_counter" for hierarchy "timer_counter:timer_counter_instans" File: C:/vhdl_git/digital_clock/timer_top_level.vhd Line: 164
Info (12128): Elaborating entity "bcd_splitter" for hierarchy "bcd_splitter:bcd_splitter_instans" File: C:/vhdl_git/digital_clock/timer_top_level.vhd Line: 174
Info (12128): Elaborating entity "STATUS_DISPLAY_SYSTEM" for hierarchy "STATUS_DISPLAY_SYSTEM:status_display_system_instans" File: C:/vhdl_git/digital_clock/timer_top_level.vhd Line: 191
Info (12128): Elaborating entity "SJU_SEG_DISPLAYER" for hierarchy "STATUS_DISPLAY_SYSTEM:status_display_system_instans|SJU_SEG_DISPLAYER:b2v_inst_SJU_SEG_DISPLAYER_0" File: C:/vhdl_git/digital_clock/status_display_system.vhd Line: 55
Info (278001): Inferred 6 megafunctions from design logic
    Info (278004): Inferred divider/modulo megafunction ("lpm_divide") from the following logic: "bcd_splitter:bcd_splitter_instans|Mod0" File: C:/vhdl_git/digital_clock/bcd_splitter.vhd Line: 63
    Info (278004): Inferred divider/modulo megafunction ("lpm_divide") from the following logic: "bcd_splitter:bcd_splitter_instans|Div0" File: C:/vhdl_git/digital_clock/bcd_splitter.vhd Line: 62
    Info (278004): Inferred divider/modulo megafunction ("lpm_divide") from the following logic: "bcd_splitter:bcd_splitter_instans|Mod1" File: C:/vhdl_git/digital_clock/bcd_splitter.vhd Line: 67
    Info (278004): Inferred divider/modulo megafunction ("lpm_divide") from the following logic: "bcd_splitter:bcd_splitter_instans|Div1" File: C:/vhdl_git/digital_clock/bcd_splitter.vhd Line: 66
    Info (278004): Inferred divider/modulo megafunction ("lpm_divide") from the following logic: "bcd_splitter:bcd_splitter_instans|Mod2" File: C:/vhdl_git/digital_clock/bcd_splitter.vhd Line: 70
    Info (278004): Inferred divider/modulo megafunction ("lpm_divide") from the following logic: "bcd_splitter:bcd_splitter_instans|Div2" File: C:/vhdl_git/digital_clock/bcd_splitter.vhd Line: 69
Info (12130): Elaborated megafunction instantiation "bcd_splitter:bcd_splitter_instans|lpm_divide:Mod0" File: C:/vhdl_git/digital_clock/bcd_splitter.vhd Line: 63
Info (12133): Instantiated megafunction "bcd_splitter:bcd_splitter_instans|lpm_divide:Mod0" with the following parameter: File: C:/vhdl_git/digital_clock/bcd_splitter.vhd Line: 63
    Info (12134): Parameter "LPM_WIDTHN" = "8"
    Info (12134): Parameter "LPM_WIDTHD" = "8"
    Info (12134): Parameter "LPM_NREPRESENTATION" = "UNSIGNED"
    Info (12134): Parameter "LPM_DREPRESENTATION" = "UNSIGNED"
Info (12021): Found 1 design units, including 1 entities, in source file db/lpm_divide_gkl.tdf
    Info (12023): Found entity 1: lpm_divide_gkl File: C:/vhdl_git/digital_clock/db/lpm_divide_gkl.tdf Line: 25
Info (12021): Found 1 design units, including 1 entities, in source file db/sign_div_unsign_fkh.tdf
    Info (12023): Found entity 1: sign_div_unsign_fkh File: C:/vhdl_git/digital_clock/db/sign_div_unsign_fkh.tdf Line: 25
Info (12021): Found 1 design units, including 1 entities, in source file db/alt_u_div_8fe.tdf
    Info (12023): Found entity 1: alt_u_div_8fe File: C:/vhdl_git/digital_clock/db/alt_u_div_8fe.tdf Line: 27
Info (12021): Found 1 design units, including 1 entities, in source file db/add_sub_t3c.tdf
    Info (12023): Found entity 1: add_sub_t3c File: C:/vhdl_git/digital_clock/db/add_sub_t3c.tdf Line: 23
Info (12021): Found 1 design units, including 1 entities, in source file db/add_sub_u3c.tdf
    Info (12023): Found entity 1: add_sub_u3c File: C:/vhdl_git/digital_clock/db/add_sub_u3c.tdf Line: 23
Info (12130): Elaborated megafunction instantiation "bcd_splitter:bcd_splitter_instans|lpm_divide:Div0" File: C:/vhdl_git/digital_clock/bcd_splitter.vhd Line: 62
Info (12133): Instantiated megafunction "bcd_splitter:bcd_splitter_instans|lpm_divide:Div0" with the following parameter: File: C:/vhdl_git/digital_clock/bcd_splitter.vhd Line: 62
    Info (12134): Parameter "LPM_WIDTHN" = "8"
    Info (12134): Parameter "LPM_WIDTHD" = "4"
    Info (12134): Parameter "LPM_NREPRESENTATION" = "UNSIGNED"
    Info (12134): Parameter "LPM_DREPRESENTATION" = "UNSIGNED"
Info (12021): Found 1 design units, including 1 entities, in source file db/lpm_divide_9sl.tdf
    Info (12023): Found entity 1: lpm_divide_9sl File: C:/vhdl_git/digital_clock/db/lpm_divide_9sl.tdf Line: 25
Info (12021): Found 1 design units, including 1 entities, in source file db/sign_div_unsign_bkh.tdf
    Info (12023): Found entity 1: sign_div_unsign_bkh File: C:/vhdl_git/digital_clock/db/sign_div_unsign_bkh.tdf Line: 25
Info (12021): Found 1 design units, including 1 entities, in source file db/alt_u_div_0fe.tdf
    Info (12023): Found entity 1: alt_u_div_0fe File: C:/vhdl_git/digital_clock/db/alt_u_div_0fe.tdf Line: 27
Info (286030): Timing-Driven Synthesis is running
Info (16010): Generating hard_block partition "hard_block:auto_generated_inst"
    Info (16011): Adding 0 node(s), including 0 DDIO, 0 PLL, 0 transceiver and 0 LCELL
Info (21057): Implemented 569 device resources after synthesis - the final resource count might be different
    Info (21058): Implemented 2 input pins
    Info (21059): Implemented 42 output pins
    Info (21061): Implemented 525 logic cells
Info: Quartus Prime Analysis & Synthesis was successful. 0 errors, 1 warning
    Info: Peak virtual memory: 4944 megabytes
    Info: Processing ended: Sun Nov 16 18:50:25 2025
    Info: Elapsed time: 00:00:08
    Info: Total CPU time (on all processors): 00:00:16


